<?xml version="1.0" encoding="UTF-8"?>
<testsuite xmlns:xsi="http://www.w3.org/2001/XMLSchema-instance" xsi:noNamespaceSchemaLocation="https://maven.apache.org/surefire/maven-surefire-plugin/xsd/surefire-test-report.xsd" name="za.co.tangentsolutions.controller.EmployeeControllerTest" time="7.665" tests="2" errors="0" skipped="1" failures="1">
  <properties>
    <property name="gopherProxySet" value="false"/>
    <property name="awt.toolkit" value="sun.lwawt.macosx.LWCToolkit"/>
    <property name="file.encoding.pkg" value="sun.io"/>
    <property name="java.specification.version" value="1.8"/>
    <property name="sun.cpu.isalist" value=""/>
    <property name="sun.jnu.encoding" value="UTF-8"/>
    <property name="java.class.path" value="/Users/lwandile/Projects/EmployeePortal/backend/target/test-classes:/Users/lwandile/Projects/EmployeePortal/backend/target/classes:/Users/lwandile/.m2/repository/org/springframework/boot/spring-boot-starter-data-jpa/2.1.0.RELEASE/spring-boot-starter-data-jpa-2.1.0.RELEASE.jar:/Users/lwandile/.m2/repository/org/springframework/boot/spring-boot-starter-aop/2.1.0.RELEASE/spring-boot-starter-aop-2.1.0.RELEASE.jar:/Users/lwandile/.m2/repository/org/aspectj/aspectjweaver/1.9.2/aspectjweaver-1.9.2.jar:/Users/lwandile/.m2/repository/org/springframework/boot/spring-boot-starter-jdbc/2.1.0.RELEASE/spring-boot-starter-jdbc-2.1.0.RELEASE.jar:/Users/lwandile/.m2/repository/com/zaxxer/HikariCP/3.2.0/HikariCP-3.2.0.jar:/Users/lwandile/.m2/repository/org/springframework/spring-jdbc/5.1.2.RELEASE/spring-jdbc-5.1.2.RELEASE.jar:/Users/lwandile/.m2/repository/javax/transaction/javax.transaction-api/1.3/javax.transaction-api-1.3.jar:/Users/lwandile/.m2/repository/javax/xml/bind/jaxb-api/2.3.1/jaxb-api-2.3.1.jar:/Users/lwandile/.m2/repository/javax/activation/javax.activation-api/1.2.0/javax.activation-api-1.2.0.jar:/Users/lwandile/.m2/repository/org/hibernate/hibernate-core/5.3.7.Final/hibernate-core-5.3.7.Final.jar:/Users/lwandile/.m2/repository/org/jboss/logging/jboss-logging/3.3.2.Final/jboss-logging-3.3.2.Final.jar:/Users/lwandile/.m2/repository/javax/persistence/javax.persistence-api/2.2/javax.persistence-api-2.2.jar:/Users/lwandile/.m2/repository/org/javassist/javassist/3.23.1-GA/javassist-3.23.1-GA.jar:/Users/lwandile/.m2/repository/net/bytebuddy/byte-buddy/1.9.3/byte-buddy-1.9.3.jar:/Users/lwandile/.m2/repository/antlr/antlr/2.7.7/antlr-2.7.7.jar:/Users/lwandile/.m2/repository/org/jboss/jandex/2.0.5.Final/jandex-2.0.5.Final.jar:/Users/lwandile/.m2/repository/com/fasterxml/classmate/1.4.0/classmate-1.4.0.jar:/Users/lwandile/.m2/repository/org/dom4j/dom4j/2.1.1/dom4j-2.1.1.jar:/Users/lwandile/.m2/repository/org/hibernate/common/hibernate-commons-annotations/5.0.4.Final/hibernate-commons-annotations-5.0.4.Final.jar:/Users/lwandile/.m2/repository/org/springframework/data/spring-data-jpa/2.1.2.RELEASE/spring-data-jpa-2.1.2.RELEASE.jar:/Users/lwandile/.m2/repository/org/springframework/data/spring-data-commons/2.1.2.RELEASE/spring-data-commons-2.1.2.RELEASE.jar:/Users/lwandile/.m2/repository/org/springframework/spring-orm/5.1.2.RELEASE/spring-orm-5.1.2.RELEASE.jar:/Users/lwandile/.m2/repository/org/springframework/spring-tx/5.1.2.RELEASE/spring-tx-5.1.2.RELEASE.jar:/Users/lwandile/.m2/repository/org/slf4j/slf4j-api/1.7.25/slf4j-api-1.7.25.jar:/Users/lwandile/.m2/repository/org/springframework/spring-aspects/5.1.2.RELEASE/spring-aspects-5.1.2.RELEASE.jar:/Users/lwandile/.m2/repository/org/springframework/boot/spring-boot-starter-web/2.1.0.RELEASE/spring-boot-starter-web-2.1.0.RELEASE.jar:/Users/lwandile/.m2/repository/org/springframework/boot/spring-boot-starter/2.1.0.RELEASE/spring-boot-starter-2.1.0.RELEASE.jar:/Users/lwandile/.m2/repository/org/springframework/boot/spring-boot-starter-logging/2.1.0.RELEASE/spring-boot-starter-logging-2.1.0.RELEASE.jar:/Users/lwandile/.m2/repository/ch/qos/logback/logback-classic/1.2.3/logback-classic-1.2.3.jar:/Users/lwandile/.m2/repository/ch/qos/logback/logback-core/1.2.3/logback-core-1.2.3.jar:/Users/lwandile/.m2/repository/org/apache/logging/log4j/log4j-to-slf4j/2.11.1/log4j-to-slf4j-2.11.1.jar:/Users/lwandile/.m2/repository/org/apache/logging/log4j/log4j-api/2.11.1/log4j-api-2.11.1.jar:/Users/lwandile/.m2/repository/org/slf4j/jul-to-slf4j/1.7.25/jul-to-slf4j-1.7.25.jar:/Users/lwandile/.m2/repository/javax/annotation/javax.annotation-api/1.3.2/javax.annotation-api-1.3.2.jar:/Users/lwandile/.m2/repository/org/yaml/snakeyaml/1.23/snakeyaml-1.23.jar:/Users/lwandile/.m2/repository/org/springframework/boot/spring-boot-starter-json/2.1.0.RELEASE/spring-boot-starter-json-2.1.0.RELEASE.jar:/Users/lwandile/.m2/repository/com/fasterxml/jackson/core/jackson-databind/2.9.7/jackson-databind-2.9.7.jar:/Users/lwandile/.m2/repository/com/fasterxml/jackson/core/jackson-annotations/2.9.0/jackson-annotations-2.9.0.jar:/Users/lwandile/.m2/repository/com/fasterxml/jackson/core/jackson-core/2.9.7/jackson-core-2.9.7.jar:/Users/lwandile/.m2/repository/com/fasterxml/jackson/datatype/jackson-datatype-jdk8/2.9.7/jackson-datatype-jdk8-2.9.7.jar:/Users/lwandile/.m2/repository/com/fasterxml/jackson/datatype/jackson-datatype-jsr310/2.9.7/jackson-datatype-jsr310-2.9.7.jar:/Users/lwandile/.m2/repository/com/fasterxml/jackson/module/jackson-module-parameter-names/2.9.7/jackson-module-parameter-names-2.9.7.jar:/Users/lwandile/.m2/repository/org/springframework/boot/spring-boot-starter-tomcat/2.1.0.RELEASE/spring-boot-starter-tomcat-2.1.0.RELEASE.jar:/Users/lwandile/.m2/repository/org/apache/tomcat/embed/tomcat-embed-core/9.0.12/tomcat-embed-core-9.0.12.jar:/Users/lwandile/.m2/repository/org/apache/tomcat/embed/tomcat-embed-el/9.0.12/tomcat-embed-el-9.0.12.jar:/Users/lwandile/.m2/repository/org/apache/tomcat/embed/tomcat-embed-websocket/9.0.12/tomcat-embed-websocket-9.0.12.jar:/Users/lwandile/.m2/repository/org/hibernate/validator/hibernate-validator/6.0.13.Final/hibernate-validator-6.0.13.Final.jar:/Users/lwandile/.m2/repository/javax/validation/validation-api/2.0.1.Final/validation-api-2.0.1.Final.jar:/Users/lwandile/.m2/repository/org/springframework/spring-web/5.1.2.RELEASE/spring-web-5.1.2.RELEASE.jar:/Users/lwandile/.m2/repository/org/springframework/spring-webmvc/5.1.2.RELEASE/spring-webmvc-5.1.2.RELEASE.jar:/Users/lwandile/.m2/repository/org/springframework/spring-expression/5.1.2.RELEASE/spring-expression-5.1.2.RELEASE.jar:/Users/lwandile/.m2/repository/org/springframework/boot/spring-boot-starter-security/2.1.0.RELEASE/spring-boot-starter-security-2.1.0.RELEASE.jar:/Users/lwandile/.m2/repository/org/springframework/spring-aop/5.1.2.RELEASE/spring-aop-5.1.2.RELEASE.jar:/Users/lwandile/.m2/repository/org/springframework/security/spring-security-web/5.1.1.RELEASE/spring-security-web-5.1.1.RELEASE.jar:/Users/lwandile/.m2/repository/org/springframework/security/spring-security-config/5.1.1.RELEASE/spring-security-config-5.1.1.RELEASE.jar:/Users/lwandile/.m2/repository/org/springframework/security/spring-security-core/5.1.1.RELEASE/spring-security-core-5.1.1.RELEASE.jar:/Users/lwandile/.m2/repository/org/springframework/spring-beans/5.1.2.RELEASE/spring-beans-5.1.2.RELEASE.jar:/Users/lwandile/.m2/repository/org/springframework/spring-context/5.1.2.RELEASE/spring-context-5.1.2.RELEASE.jar:/Users/lwandile/.m2/repository/org/springframework/spring-core/5.1.2.RELEASE/spring-core-5.1.2.RELEASE.jar:/Users/lwandile/.m2/repository/org/springframework/spring-jcl/5.1.2.RELEASE/spring-jcl-5.1.2.RELEASE.jar:/Users/lwandile/.m2/repository/org/springframework/security/spring-security-oauth2-client/5.1.1.RELEASE/spring-security-oauth2-client-5.1.1.RELEASE.jar:/Users/lwandile/.m2/repository/com/nimbusds/oauth2-oidc-sdk/6.0/oauth2-oidc-sdk-6.0.jar:/Users/lwandile/.m2/repository/com/sun/mail/javax.mail/1.6.2/javax.mail-1.6.2.jar:/Users/lwandile/.m2/repository/javax/activation/activation/1.1/activation-1.1.jar:/Users/lwandile/.m2/repository/com/github/stephenc/jcip/jcip-annotations/1.0-1/jcip-annotations-1.0-1.jar:/Users/lwandile/.m2/repository/net/minidev/json-smart/2.3/json-smart-2.3.jar:/Users/lwandile/.m2/repository/net/minidev/accessors-smart/1.2/accessors-smart-1.2.jar:/Users/lwandile/.m2/repository/org/ow2/asm/asm/5.0.4/asm-5.0.4.jar:/Users/lwandile/.m2/repository/com/nimbusds/lang-tag/1.4.4/lang-tag-1.4.4.jar:/Users/lwandile/.m2/repository/org/springframework/security/spring-security-oauth2-core/5.1.1.RELEASE/spring-security-oauth2-core-5.1.1.RELEASE.jar:/Users/lwandile/.m2/repository/org/springframework/security/spring-security-oauth2-jose/5.1.1.RELEASE/spring-security-oauth2-jose-5.1.1.RELEASE.jar:/Users/lwandile/.m2/repository/com/nimbusds/nimbus-jose-jwt/6.0.2/nimbus-jose-jwt-6.0.2.jar:/Users/lwandile/.m2/repository/com/h2database/h2/1.4.197/h2-1.4.197.jar:/Users/lwandile/.m2/repository/io/rest-assured/rest-assured/3.2.0/rest-assured-3.2.0.jar:/Users/lwandile/.m2/repository/org/codehaus/groovy/groovy/2.5.3/groovy-2.5.3.jar:/Users/lwandile/.m2/repository/org/codehaus/groovy/groovy-xml/2.5.3/groovy-xml-2.5.3.jar:/Users/lwandile/.m2/repository/org/apache/httpcomponents/httpclient/4.5.6/httpclient-4.5.6.jar:/Users/lwandile/.m2/repository/org/apache/httpcomponents/httpcore/4.4.10/httpcore-4.4.10.jar:/Users/lwandile/.m2/repository/commons-codec/commons-codec/1.11/commons-codec-1.11.jar:/Users/lwandile/.m2/repository/org/apache/httpcomponents/httpmime/4.5.6/httpmime-4.5.6.jar:/Users/lwandile/.m2/repository/org/hamcrest/hamcrest-core/1.3/hamcrest-core-1.3.jar:/Users/lwandile/.m2/repository/org/hamcrest/hamcrest-library/1.3/hamcrest-library-1.3.jar:/Users/lwandile/.m2/repository/org/ccil/cowan/tagsoup/tagsoup/1.2.1/tagsoup-1.2.1.jar:/Users/lwandile/.m2/repository/io/rest-assured/json-path/3.1.1/json-path-3.1.1.jar:/Users/lwandile/.m2/repository/org/codehaus/groovy/groovy-json/2.5.3/groovy-json-2.5.3.jar:/Users/lwandile/.m2/repository/io/rest-assured/rest-assured-common/3.1.1/rest-assured-common-3.1.1.jar:/Users/lwandile/.m2/repository/io/rest-assured/xml-path/3.1.1/xml-path-3.1.1.jar:/Users/lwandile/.m2/repository/org/apache/commons/commons-lang3/3.8.1/commons-lang3-3.8.1.jar:/Users/lwandile/.m2/repository/org/projectlombok/lombok/1.16.20/lombok-1.16.20.jar:/Users/lwandile/.m2/repository/org/springframework/boot/spring-boot-starter-test/2.1.0.RELEASE/spring-boot-starter-test-2.1.0.RELEASE.jar:/Users/lwandile/.m2/repository/org/springframework/boot/spring-boot-test/2.1.0.RELEASE/spring-boot-test-2.1.0.RELEASE.jar:/Users/lwandile/.m2/repository/org/springframework/boot/spring-boot-test-autoconfigure/2.1.0.RELEASE/spring-boot-test-autoconfigure-2.1.0.RELEASE.jar:/Users/lwandile/.m2/repository/com/jayway/jsonpath/json-path/2.4.0/json-path-2.4.0.jar:/Users/lwandile/.m2/repository/junit/junit/4.12/junit-4.12.jar:/Users/lwandile/.m2/repository/org/assertj/assertj-core/3.11.1/assertj-core-3.11.1.jar:/Users/lwandile/.m2/repository/org/mockito/mockito-core/2.23.0/mockito-core-2.23.0.jar:/Users/lwandile/.m2/repository/net/bytebuddy/byte-buddy-agent/1.9.3/byte-buddy-agent-1.9.3.jar:/Users/lwandile/.m2/repository/org/objenesis/objenesis/2.6/objenesis-2.6.jar:/Users/lwandile/.m2/repository/org/skyscreamer/jsonassert/1.5.0/jsonassert-1.5.0.jar:/Users/lwandile/.m2/repository/com/vaadin/external/google/android-json/0.0.20131108.vaadin1/android-json-0.0.20131108.vaadin1.jar:/Users/lwandile/.m2/repository/org/springframework/spring-test/5.1.2.RELEASE/spring-test-5.1.2.RELEASE.jar:/Users/lwandile/.m2/repository/org/xmlunit/xmlunit-core/2.6.2/xmlunit-core-2.6.2.jar:/Users/lwandile/.m2/repository/org/springframework/boot/spring-boot-devtools/2.1.0.RELEASE/spring-boot-devtools-2.1.0.RELEASE.jar:/Users/lwandile/.m2/repository/org/springframework/boot/spring-boot/2.1.0.RELEASE/spring-boot-2.1.0.RELEASE.jar:/Users/lwandile/.m2/repository/org/springframework/boot/spring-boot-autoconfigure/2.1.0.RELEASE/spring-boot-autoconfigure-2.1.0.RELEASE.jar:/Users/lwandile/Projects/EmployeePortal/frontend/target/classes:"/>
    <property name="java.vm.vendor" value="Oracle Corporation"/>
    <property name="sun.arch.data.model" value="64"/>
    <property name="java.vendor.url" value="http://java.oracle.com/"/>
    <property name="user.timezone" value=""/>
    <property name="java.vm.specification.version" value="1.8"/>
    <property name="os.name" value="Mac OS X"/>
    <property name="user.country" value="ZA"/>
    <property name="sun.java.launcher" value="SUN_STANDARD"/>
    <property name="sun.boot.library.path" value="/Library/Java/JavaVirtualMachines/jdk1.8.0_172.jdk/Contents/Home/jre/lib"/>
    <property name="sun.java.command" value="/Users/lwandile/Projects/EmployeePortal/backend/target/surefire/surefirebooter624407425815640564.jar /Users/lwandile/Projects/EmployeePortal/backend/target/surefire 2018-11-25T22-53-40_082-jvmRun1 surefire1305846699433430468tmp surefire_04844491235290326216tmp"/>
    <property name="http.nonProxyHosts" value="local|*.local|169.254/16|*.169.254/16"/>
    <property name="surefire.test.class.path" value="/Users/lwandile/Projects/EmployeePortal/backend/target/test-classes:/Users/lwandile/Projects/EmployeePortal/backend/target/classes:/Users/lwandile/.m2/repository/org/springframework/boot/spring-boot-starter-data-jpa/2.1.0.RELEASE/spring-boot-starter-data-jpa-2.1.0.RELEASE.jar:/Users/lwandile/.m2/repository/org/springframework/boot/spring-boot-starter-aop/2.1.0.RELEASE/spring-boot-starter-aop-2.1.0.RELEASE.jar:/Users/lwandile/.m2/repository/org/aspectj/aspectjweaver/1.9.2/aspectjweaver-1.9.2.jar:/Users/lwandile/.m2/repository/org/springframework/boot/spring-boot-starter-jdbc/2.1.0.RELEASE/spring-boot-starter-jdbc-2.1.0.RELEASE.jar:/Users/lwandile/.m2/repository/com/zaxxer/HikariCP/3.2.0/HikariCP-3.2.0.jar:/Users/lwandile/.m2/repository/org/springframework/spring-jdbc/5.1.2.RELEASE/spring-jdbc-5.1.2.RELEASE.jar:/Users/lwandile/.m2/repository/javax/transaction/javax.transaction-api/1.3/javax.transaction-api-1.3.jar:/Users/lwandile/.m2/repository/javax/xml/bind/jaxb-api/2.3.1/jaxb-api-2.3.1.jar:/Users/lwandile/.m2/repository/javax/activation/javax.activation-api/1.2.0/javax.activation-api-1.2.0.jar:/Users/lwandile/.m2/repository/org/hibernate/hibernate-core/5.3.7.Final/hibernate-core-5.3.7.Final.jar:/Users/lwandile/.m2/repository/org/jboss/logging/jboss-logging/3.3.2.Final/jboss-logging-3.3.2.Final.jar:/Users/lwandile/.m2/repository/javax/persistence/javax.persistence-api/2.2/javax.persistence-api-2.2.jar:/Users/lwandile/.m2/repository/org/javassist/javassist/3.23.1-GA/javassist-3.23.1-GA.jar:/Users/lwandile/.m2/repository/net/bytebuddy/byte-buddy/1.9.3/byte-buddy-1.9.3.jar:/Users/lwandile/.m2/repository/antlr/antlr/2.7.7/antlr-2.7.7.jar:/Users/lwandile/.m2/repository/org/jboss/jandex/2.0.5.Final/jandex-2.0.5.Final.jar:/Users/lwandile/.m2/repository/com/fasterxml/classmate/1.4.0/classmate-1.4.0.jar:/Users/lwandile/.m2/repository/org/dom4j/dom4j/2.1.1/dom4j-2.1.1.jar:/Users/lwandile/.m2/repository/org/hibernate/common/hibernate-commons-annotations/5.0.4.Final/hibernate-commons-annotations-5.0.4.Final.jar:/Users/lwandile/.m2/repository/org/springframework/data/spring-data-jpa/2.1.2.RELEASE/spring-data-jpa-2.1.2.RELEASE.jar:/Users/lwandile/.m2/repository/org/springframework/data/spring-data-commons/2.1.2.RELEASE/spring-data-commons-2.1.2.RELEASE.jar:/Users/lwandile/.m2/repository/org/springframework/spring-orm/5.1.2.RELEASE/spring-orm-5.1.2.RELEASE.jar:/Users/lwandile/.m2/repository/org/springframework/spring-tx/5.1.2.RELEASE/spring-tx-5.1.2.RELEASE.jar:/Users/lwandile/.m2/repository/org/slf4j/slf4j-api/1.7.25/slf4j-api-1.7.25.jar:/Users/lwandile/.m2/repository/org/springframework/spring-aspects/5.1.2.RELEASE/spring-aspects-5.1.2.RELEASE.jar:/Users/lwandile/.m2/repository/org/springframework/boot/spring-boot-starter-web/2.1.0.RELEASE/spring-boot-starter-web-2.1.0.RELEASE.jar:/Users/lwandile/.m2/repository/org/springframework/boot/spring-boot-starter/2.1.0.RELEASE/spring-boot-starter-2.1.0.RELEASE.jar:/Users/lwandile/.m2/repository/org/springframework/boot/spring-boot-starter-logging/2.1.0.RELEASE/spring-boot-starter-logging-2.1.0.RELEASE.jar:/Users/lwandile/.m2/repository/ch/qos/logback/logback-classic/1.2.3/logback-classic-1.2.3.jar:/Users/lwandile/.m2/repository/ch/qos/logback/logback-core/1.2.3/logback-core-1.2.3.jar:/Users/lwandile/.m2/repository/org/apache/logging/log4j/log4j-to-slf4j/2.11.1/log4j-to-slf4j-2.11.1.jar:/Users/lwandile/.m2/repository/org/apache/logging/log4j/log4j-api/2.11.1/log4j-api-2.11.1.jar:/Users/lwandile/.m2/repository/org/slf4j/jul-to-slf4j/1.7.25/jul-to-slf4j-1.7.25.jar:/Users/lwandile/.m2/repository/javax/annotation/javax.annotation-api/1.3.2/javax.annotation-api-1.3.2.jar:/Users/lwandile/.m2/repository/org/yaml/snakeyaml/1.23/snakeyaml-1.23.jar:/Users/lwandile/.m2/repository/org/springframework/boot/spring-boot-starter-json/2.1.0.RELEASE/spring-boot-starter-json-2.1.0.RELEASE.jar:/Users/lwandile/.m2/repository/com/fasterxml/jackson/core/jackson-databind/2.9.7/jackson-databind-2.9.7.jar:/Users/lwandile/.m2/repository/com/fasterxml/jackson/core/jackson-annotations/2.9.0/jackson-annotations-2.9.0.jar:/Users/lwandile/.m2/repository/com/fasterxml/jackson/core/jackson-core/2.9.7/jackson-core-2.9.7.jar:/Users/lwandile/.m2/repository/com/fasterxml/jackson/datatype/jackson-datatype-jdk8/2.9.7/jackson-datatype-jdk8-2.9.7.jar:/Users/lwandile/.m2/repository/com/fasterxml/jackson/datatype/jackson-datatype-jsr310/2.9.7/jackson-datatype-jsr310-2.9.7.jar:/Users/lwandile/.m2/repository/com/fasterxml/jackson/module/jackson-module-parameter-names/2.9.7/jackson-module-parameter-names-2.9.7.jar:/Users/lwandile/.m2/repository/org/springframework/boot/spring-boot-starter-tomcat/2.1.0.RELEASE/spring-boot-starter-tomcat-2.1.0.RELEASE.jar:/Users/lwandile/.m2/repository/org/apache/tomcat/embed/tomcat-embed-core/9.0.12/tomcat-embed-core-9.0.12.jar:/Users/lwandile/.m2/repository/org/apache/tomcat/embed/tomcat-embed-el/9.0.12/tomcat-embed-el-9.0.12.jar:/Users/lwandile/.m2/repository/org/apache/tomcat/embed/tomcat-embed-websocket/9.0.12/tomcat-embed-websocket-9.0.12.jar:/Users/lwandile/.m2/repository/org/hibernate/validator/hibernate-validator/6.0.13.Final/hibernate-validator-6.0.13.Final.jar:/Users/lwandile/.m2/repository/javax/validation/validation-api/2.0.1.Final/validation-api-2.0.1.Final.jar:/Users/lwandile/.m2/repository/org/springframework/spring-web/5.1.2.RELEASE/spring-web-5.1.2.RELEASE.jar:/Users/lwandile/.m2/repository/org/springframework/spring-webmvc/5.1.2.RELEASE/spring-webmvc-5.1.2.RELEASE.jar:/Users/lwandile/.m2/repository/org/springframework/spring-expression/5.1.2.RELEASE/spring-expression-5.1.2.RELEASE.jar:/Users/lwandile/.m2/repository/org/springframework/boot/spring-boot-starter-security/2.1.0.RELEASE/spring-boot-starter-security-2.1.0.RELEASE.jar:/Users/lwandile/.m2/repository/org/springframework/spring-aop/5.1.2.RELEASE/spring-aop-5.1.2.RELEASE.jar:/Users/lwandile/.m2/repository/org/springframework/security/spring-security-web/5.1.1.RELEASE/spring-security-web-5.1.1.RELEASE.jar:/Users/lwandile/.m2/repository/org/springframework/security/spring-security-config/5.1.1.RELEASE/spring-security-config-5.1.1.RELEASE.jar:/Users/lwandile/.m2/repository/org/springframework/security/spring-security-core/5.1.1.RELEASE/spring-security-core-5.1.1.RELEASE.jar:/Users/lwandile/.m2/repository/org/springframework/spring-beans/5.1.2.RELEASE/spring-beans-5.1.2.RELEASE.jar:/Users/lwandile/.m2/repository/org/springframework/spring-context/5.1.2.RELEASE/spring-context-5.1.2.RELEASE.jar:/Users/lwandile/.m2/repository/org/springframework/spring-core/5.1.2.RELEASE/spring-core-5.1.2.RELEASE.jar:/Users/lwandile/.m2/repository/org/springframework/spring-jcl/5.1.2.RELEASE/spring-jcl-5.1.2.RELEASE.jar:/Users/lwandile/.m2/repository/org/springframework/security/spring-security-oauth2-client/5.1.1.RELEASE/spring-security-oauth2-client-5.1.1.RELEASE.jar:/Users/lwandile/.m2/repository/com/nimbusds/oauth2-oidc-sdk/6.0/oauth2-oidc-sdk-6.0.jar:/Users/lwandile/.m2/repository/com/sun/mail/javax.mail/1.6.2/javax.mail-1.6.2.jar:/Users/lwandile/.m2/repository/javax/activation/activation/1.1/activation-1.1.jar:/Users/lwandile/.m2/repository/com/github/stephenc/jcip/jcip-annotations/1.0-1/jcip-annotations-1.0-1.jar:/Users/lwandile/.m2/repository/net/minidev/json-smart/2.3/json-smart-2.3.jar:/Users/lwandile/.m2/repository/net/minidev/accessors-smart/1.2/accessors-smart-1.2.jar:/Users/lwandile/.m2/repository/org/ow2/asm/asm/5.0.4/asm-5.0.4.jar:/Users/lwandile/.m2/repository/com/nimbusds/lang-tag/1.4.4/lang-tag-1.4.4.jar:/Users/lwandile/.m2/repository/org/springframework/security/spring-security-oauth2-core/5.1.1.RELEASE/spring-security-oauth2-core-5.1.1.RELEASE.jar:/Users/lwandile/.m2/repository/org/springframework/security/spring-security-oauth2-jose/5.1.1.RELEASE/spring-security-oauth2-jose-5.1.1.RELEASE.jar:/Users/lwandile/.m2/repository/com/nimbusds/nimbus-jose-jwt/6.0.2/nimbus-jose-jwt-6.0.2.jar:/Users/lwandile/.m2/repository/com/h2database/h2/1.4.197/h2-1.4.197.jar:/Users/lwandile/.m2/repository/io/rest-assured/rest-assured/3.2.0/rest-assured-3.2.0.jar:/Users/lwandile/.m2/repository/org/codehaus/groovy/groovy/2.5.3/groovy-2.5.3.jar:/Users/lwandile/.m2/repository/org/codehaus/groovy/groovy-xml/2.5.3/groovy-xml-2.5.3.jar:/Users/lwandile/.m2/repository/org/apache/httpcomponents/httpclient/4.5.6/httpclient-4.5.6.jar:/Users/lwandile/.m2/repository/org/apache/httpcomponents/httpcore/4.4.10/httpcore-4.4.10.jar:/Users/lwandile/.m2/repository/commons-codec/commons-codec/1.11/commons-codec-1.11.jar:/Users/lwandile/.m2/repository/org/apache/httpcomponents/httpmime/4.5.6/httpmime-4.5.6.jar:/Users/lwandile/.m2/repository/org/hamcrest/hamcrest-core/1.3/hamcrest-core-1.3.jar:/Users/lwandile/.m2/repository/org/hamcrest/hamcrest-library/1.3/hamcrest-library-1.3.jar:/Users/lwandile/.m2/repository/org/ccil/cowan/tagsoup/tagsoup/1.2.1/tagsoup-1.2.1.jar:/Users/lwandile/.m2/repository/io/rest-assured/json-path/3.1.1/json-path-3.1.1.jar:/Users/lwandile/.m2/repository/org/codehaus/groovy/groovy-json/2.5.3/groovy-json-2.5.3.jar:/Users/lwandile/.m2/repository/io/rest-assured/rest-assured-common/3.1.1/rest-assured-common-3.1.1.jar:/Users/lwandile/.m2/repository/io/rest-assured/xml-path/3.1.1/xml-path-3.1.1.jar:/Users/lwandile/.m2/repository/org/apache/commons/commons-lang3/3.8.1/commons-lang3-3.8.1.jar:/Users/lwandile/.m2/repository/org/projectlombok/lombok/1.16.20/lombok-1.16.20.jar:/Users/lwandile/.m2/repository/org/springframework/boot/spring-boot-starter-test/2.1.0.RELEASE/spring-boot-starter-test-2.1.0.RELEASE.jar:/Users/lwandile/.m2/repository/org/springframework/boot/spring-boot-test/2.1.0.RELEASE/spring-boot-test-2.1.0.RELEASE.jar:/Users/lwandile/.m2/repository/org/springframework/boot/spring-boot-test-autoconfigure/2.1.0.RELEASE/spring-boot-test-autoconfigure-2.1.0.RELEASE.jar:/Users/lwandile/.m2/repository/com/jayway/jsonpath/json-path/2.4.0/json-path-2.4.0.jar:/Users/lwandile/.m2/repository/junit/junit/4.12/junit-4.12.jar:/Users/lwandile/.m2/repository/org/assertj/assertj-core/3.11.1/assertj-core-3.11.1.jar:/Users/lwandile/.m2/repository/org/mockito/mockito-core/2.23.0/mockito-core-2.23.0.jar:/Users/lwandile/.m2/repository/net/bytebuddy/byte-buddy-agent/1.9.3/byte-buddy-agent-1.9.3.jar:/Users/lwandile/.m2/repository/org/objenesis/objenesis/2.6/objenesis-2.6.jar:/Users/lwandile/.m2/repository/org/skyscreamer/jsonassert/1.5.0/jsonassert-1.5.0.jar:/Users/lwandile/.m2/repository/com/vaadin/external/google/android-json/0.0.20131108.vaadin1/android-json-0.0.20131108.vaadin1.jar:/Users/lwandile/.m2/repository/org/springframework/spring-test/5.1.2.RELEASE/spring-test-5.1.2.RELEASE.jar:/Users/lwandile/.m2/repository/org/xmlunit/xmlunit-core/2.6.2/xmlunit-core-2.6.2.jar:/Users/lwandile/.m2/repository/org/springframework/boot/spring-boot-devtools/2.1.0.RELEASE/spring-boot-devtools-2.1.0.RELEASE.jar:/Users/lwandile/.m2/repository/org/springframework/boot/spring-boot/2.1.0.RELEASE/spring-boot-2.1.0.RELEASE.jar:/Users/lwandile/.m2/repository/org/springframework/boot/spring-boot-autoconfigure/2.1.0.RELEASE/spring-boot-autoconfigure-2.1.0.RELEASE.jar:/Users/lwandile/Projects/EmployeePortal/frontend/target/classes:"/>
    <property name="sun.cpu.endian" value="little"/>
    <property name="user.home" value="/Users/lwandile"/>
    <property name="user.language" value="en"/>
    <property name="java.specification.vendor" value="Oracle Corporation"/>
    <property name="java.home" value="/Library/Java/JavaVirtualMachines/jdk1.8.0_172.jdk/Contents/Home/jre"/>
    <property name="basedir" value="/Users/lwandile/Projects/EmployeePortal/backend"/>
    <property name="file.separator" value="/"/>
    <property name="line.separator" value="&#10;"/>
    <property name="java.vm.specification.vendor" value="Oracle Corporation"/>
    <property name="java.specification.name" value="Java Platform API Specification"/>
    <property name="java.awt.graphicsenv" value="sun.awt.CGraphicsEnvironment"/>
    <property name="surefire.real.class.path" value="/Users/lwandile/Projects/EmployeePortal/backend/target/surefire/surefirebooter624407425815640564.jar"/>
    <property name="sun.boot.class.path" value="/Library/Java/JavaVirtualMachines/jdk1.8.0_172.jdk/Contents/Home/jre/lib/resources.jar:/Library/Java/JavaVirtualMachines/jdk1.8.0_172.jdk/Contents/Home/jre/lib/rt.jar:/Library/Java/JavaVirtualMachines/jdk1.8.0_172.jdk/Contents/Home/jre/lib/sunrsasign.jar:/Library/Java/JavaVirtualMachines/jdk1.8.0_172.jdk/Contents/Home/jre/lib/jsse.jar:/Library/Java/JavaVirtualMachines/jdk1.8.0_172.jdk/Contents/Home/jre/lib/jce.jar:/Library/Java/JavaVirtualMachines/jdk1.8.0_172.jdk/Contents/Home/jre/lib/charsets.jar:/Library/Java/JavaVirtualMachines/jdk1.8.0_172.jdk/Contents/Home/jre/lib/jfr.jar:/Library/Java/JavaVirtualMachines/jdk1.8.0_172.jdk/Contents/Home/jre/classes"/>
    <property name="sun.management.compiler" value="HotSpot 64-Bit Tiered Compilers"/>
    <property name="ftp.nonProxyHosts" value="local|*.local|169.254/16|*.169.254/16"/>
    <property name="java.runtime.version" value="1.8.0_172-b11"/>
    <property name="user.name" value="lwandile"/>
    <property name="path.separator" value=":"/>
    <property name="os.version" value="10.13.6"/>
    <property name="java.endorsed.dirs" value="/Library/Java/JavaVirtualMachines/jdk1.8.0_172.jdk/Contents/Home/jre/lib/endorsed"/>
    <property name="java.runtime.name" value="Java(TM) SE Runtime Environment"/>
    <property name="file.encoding" value="UTF-8"/>
    <property name="java.vm.name" value="Java HotSpot(TM) 64-Bit Server VM"/>
    <property name="localRepository" value="/Users/lwandile/.m2/repository"/>
    <property name="java.vendor.url.bug" value="http://bugreport.sun.com/bugreport/"/>
    <property name="java.io.tmpdir" value="/var/folders/cm/mq91m6tn5bg8y0ys27xpnmkc0000gp/T/"/>
    <property name="java.version" value="1.8.0_172"/>
    <property name="user.dir" value="/Users/lwandile/Projects/EmployeePortal/backend"/>
    <property name="os.arch" value="x86_64"/>
    <property name="java.vm.specification.name" value="Java Virtual Machine Specification"/>
    <property name="java.awt.printerjob" value="sun.lwawt.macosx.CPrinterJob"/>
    <property name="sun.os.patch.level" value="unknown"/>
    <property name="java.library.path" value="/Users/lwandile/Library/Java/Extensions:/Library/Java/Extensions:/Network/Library/Java/Extensions:/System/Library/Java/Extensions:/usr/lib/java:."/>
    <property name="java.vm.info" value="mixed mode"/>
    <property name="java.vendor" value="Oracle Corporation"/>
    <property name="java.vm.version" value="25.172-b11"/>
    <property name="java.ext.dirs" value="/Users/lwandile/Library/Java/Extensions:/Library/Java/JavaVirtualMachines/jdk1.8.0_172.jdk/Contents/Home/jre/lib/ext:/Library/Java/Extensions:/Network/Library/Java/Extensions:/System/Library/Java/Extensions:/usr/lib/java"/>
    <property name="sun.io.unicode.encoding" value="UnicodeBig"/>
    <property name="java.class.version" value="52.0"/>
    <property name="socksNonProxyHosts" value="local|*.local|169.254/16|*.169.254/16"/>
  </properties>
  <testcase name="whenGetEmployees_thenOK" classname="za.co.tangentsolutions.controller.EmployeeControllerTest" time="1.076">
    <failure message="expected:&lt;200&gt; but was:&lt;401&gt;" type="java.lang.AssertionError"><![CDATA[java.lang.AssertionError: expected:<200> but was:<401>
	at za.co.tangentsolutions.controller.EmployeeControllerTest.whenGetEmployees_thenOK(EmployeeControllerTest.java:31)
]]></failure>
    <system-out><![CDATA[22:53:40.763 [main] DEBUG org.springframework.test.context.junit4.SpringJUnit4ClassRunner - SpringJUnit4ClassRunner constructor called with [class za.co.tangentsolutions.controller.EmployeeControllerTest]
22:53:40.768 [main] DEBUG org.springframework.test.context.BootstrapUtils - Instantiating CacheAwareContextLoaderDelegate from class [org.springframework.test.context.cache.DefaultCacheAwareContextLoaderDelegate]
22:53:40.777 [main] DEBUG org.springframework.test.context.BootstrapUtils - Instantiating BootstrapContext using constructor [public org.springframework.test.context.support.DefaultBootstrapContext(java.lang.Class,org.springframework.test.context.CacheAwareContextLoaderDelegate)]
22:53:40.807 [main] DEBUG org.springframework.test.context.BootstrapUtils - Instantiating TestContextBootstrapper for test class [za.co.tangentsolutions.controller.EmployeeControllerTest] from class [org.springframework.boot.test.context.SpringBootTestContextBootstrapper]
22:53:40.830 [main] INFO org.springframework.boot.test.context.SpringBootTestContextBootstrapper - Neither @ContextConfiguration nor @ContextHierarchy found for test class [za.co.tangentsolutions.controller.EmployeeControllerTest], using SpringBootContextLoader
22:53:40.833 [main] DEBUG org.springframework.test.context.support.AbstractContextLoader - Did not detect default resource location for test class [za.co.tangentsolutions.controller.EmployeeControllerTest]: class path resource [za/co/tangentsolutions/controller/EmployeeControllerTest-context.xml] does not exist
22:53:40.836 [main] DEBUG org.springframework.test.context.support.AbstractContextLoader - Did not detect default resource location for test class [za.co.tangentsolutions.controller.EmployeeControllerTest]: class path resource [za/co/tangentsolutions/controller/EmployeeControllerTestContext.groovy] does not exist
22:53:40.838 [main] INFO org.springframework.test.context.support.AbstractContextLoader - Could not detect default resource locations for test class [za.co.tangentsolutions.controller.EmployeeControllerTest]: no resource found for suffixes {-context.xml, Context.groovy}.
22:53:40.879 [main] DEBUG org.springframework.test.context.support.ActiveProfilesUtils - Could not find an 'annotation declaring class' for annotation type [org.springframework.test.context.ActiveProfiles] and class [za.co.tangentsolutions.controller.EmployeeControllerTest]
22:53:40.977 [main] DEBUG org.springframework.boot.test.context.SpringBootTestContextBootstrapper - @TestExecutionListeners is not present for class [za.co.tangentsolutions.controller.EmployeeControllerTest]: using defaults.
22:53:40.978 [main] INFO org.springframework.boot.test.context.SpringBootTestContextBootstrapper - Loaded default TestExecutionListener class names from location [META-INF/spring.factories]: [org.springframework.boot.test.mock.mockito.MockitoTestExecutionListener, org.springframework.boot.test.mock.mockito.ResetMocksTestExecutionListener, org.springframework.boot.test.autoconfigure.restdocs.RestDocsTestExecutionListener, org.springframework.boot.test.autoconfigure.web.client.MockRestServiceServerResetTestExecutionListener, org.springframework.boot.test.autoconfigure.web.servlet.MockMvcPrintOnlyOnFailureTestExecutionListener, org.springframework.boot.test.autoconfigure.web.servlet.WebDriverTestExecutionListener, org.springframework.test.context.web.ServletTestExecutionListener, org.springframework.test.context.support.DirtiesContextBeforeModesTestExecutionListener, org.springframework.test.context.support.DependencyInjectionTestExecutionListener, org.springframework.test.context.support.DirtiesContextTestExecutionListener, org.springframework.test.context.transaction.TransactionalTestExecutionListener, org.springframework.test.context.jdbc.SqlScriptsTestExecutionListener]
22:53:41.001 [main] INFO org.springframework.boot.test.context.SpringBootTestContextBootstrapper - Using TestExecutionListeners: [org.springframework.test.context.web.ServletTestExecutionListener@37afeb11, org.springframework.test.context.support.DirtiesContextBeforeModesTestExecutionListener@515aebb0, org.springframework.boot.test.mock.mockito.MockitoTestExecutionListener@dd8ba08, org.springframework.boot.test.autoconfigure.SpringBootDependencyInjectionTestExecutionListener@245b4bdc, org.springframework.test.context.support.DirtiesContextTestExecutionListener@6c64cb25, org.springframework.test.context.transaction.TransactionalTestExecutionListener@6ae5aa72, org.springframework.test.context.jdbc.SqlScriptsTestExecutionListener@222545dc, org.springframework.boot.test.mock.mockito.ResetMocksTestExecutionListener@5c5eefef, org.springframework.boot.test.autoconfigure.restdocs.RestDocsTestExecutionListener@16293aa2, org.springframework.boot.test.autoconfigure.web.client.MockRestServiceServerResetTestExecutionListener@5158b42f, org.springframework.boot.test.autoconfigure.web.servlet.MockMvcPrintOnlyOnFailureTestExecutionListener@595b007d, org.springframework.boot.test.autoconfigure.web.servlet.WebDriverTestExecutionListener@72d1ad2e]
22:53:41.002 [main] DEBUG org.springframework.test.annotation.ProfileValueUtils - Retrieved @ProfileValueSourceConfiguration [null] for test class [za.co.tangentsolutions.controller.EmployeeControllerTest]
22:53:41.003 [main] DEBUG org.springframework.test.annotation.ProfileValueUtils - Retrieved ProfileValueSource type [class org.springframework.test.annotation.SystemProfileValueSource] for class [za.co.tangentsolutions.controller.EmployeeControllerTest]
22:53:41.005 [main] DEBUG org.springframework.test.annotation.ProfileValueUtils - Retrieved @ProfileValueSourceConfiguration [null] for test class [za.co.tangentsolutions.controller.EmployeeControllerTest]
22:53:41.006 [main] DEBUG org.springframework.test.annotation.ProfileValueUtils - Retrieved ProfileValueSource type [class org.springframework.test.annotation.SystemProfileValueSource] for class [za.co.tangentsolutions.controller.EmployeeControllerTest]
22:53:41.006 [main] DEBUG org.springframework.test.annotation.ProfileValueUtils - Retrieved @ProfileValueSourceConfiguration [null] for test class [za.co.tangentsolutions.controller.EmployeeControllerTest]
22:53:41.007 [main] DEBUG org.springframework.test.annotation.ProfileValueUtils - Retrieved ProfileValueSource type [class org.springframework.test.annotation.SystemProfileValueSource] for class [za.co.tangentsolutions.controller.EmployeeControllerTest]
22:53:41.011 [main] DEBUG org.springframework.test.context.support.AbstractDirtiesContextTestExecutionListener - Before test class: context [DefaultTestContext@6069db50 testClass = EmployeeControllerTest, testInstance = [null], testMethod = [null], testException = [null], mergedContextConfiguration = [WebMergedContextConfiguration@4efbca5a testClass = EmployeeControllerTest, locations = '{}', classes = '{class za.co.tangentsolutions.Application, class za.co.tangentsolutions.Application}', contextInitializerClasses = '[]', activeProfiles = '{}', propertySourceLocations = '{}', propertySourceProperties = '{org.springframework.boot.test.context.SpringBootTestContextBootstrapper=true}', contextCustomizers = set[org.springframework.boot.test.context.filter.ExcludeFilterContextCustomizer@77846d2c, org.springframework.boot.test.json.DuplicateJsonObjectContextCustomizerFactory$DuplicateJsonObjectContextCustomizer@2641e737, org.springframework.boot.test.mock.mockito.MockitoContextCustomizer@0, org.springframework.boot.test.web.client.TestRestTemplateContextCustomizer@1f021e6c, org.springframework.boot.test.autoconfigure.properties.PropertyMappingContextCustomizer@0, org.springframework.boot.test.autoconfigure.web.servlet.WebDriverContextCustomizerFactory$Customizer@73d4cc9e], resourceBasePath = 'src/main/webapp', contextLoader = 'org.springframework.boot.test.context.SpringBootContextLoader', parent = [null]], attributes = map['org.springframework.test.context.web.ServletTestExecutionListener.activateListener' -> false]], class annotated with @DirtiesContext [false] with mode [null].
22:53:41.012 [main] DEBUG org.springframework.test.annotation.ProfileValueUtils - Retrieved @ProfileValueSourceConfiguration [null] for test class [za.co.tangentsolutions.controller.EmployeeControllerTest]
22:53:41.012 [main] DEBUG org.springframework.test.annotation.ProfileValueUtils - Retrieved ProfileValueSource type [class org.springframework.test.annotation.SystemProfileValueSource] for class [za.co.tangentsolutions.controller.EmployeeControllerTest]
22:53:41.016 [main] DEBUG org.springframework.test.context.support.DependencyInjectionTestExecutionListener - Performing dependency injection for test context [[DefaultTestContext@6069db50 testClass = EmployeeControllerTest, testInstance = za.co.tangentsolutions.controller.EmployeeControllerTest@38d8f54a, testMethod = [null], testException = [null], mergedContextConfiguration = [WebMergedContextConfiguration@4efbca5a testClass = EmployeeControllerTest, locations = '{}', classes = '{class za.co.tangentsolutions.Application, class za.co.tangentsolutions.Application}', contextInitializerClasses = '[]', activeProfiles = '{}', propertySourceLocations = '{}', propertySourceProperties = '{org.springframework.boot.test.context.SpringBootTestContextBootstrapper=true}', contextCustomizers = set[org.springframework.boot.test.context.filter.ExcludeFilterContextCustomizer@77846d2c, org.springframework.boot.test.json.DuplicateJsonObjectContextCustomizerFactory$DuplicateJsonObjectContextCustomizer@2641e737, org.springframework.boot.test.mock.mockito.MockitoContextCustomizer@0, org.springframework.boot.test.web.client.TestRestTemplateContextCustomizer@1f021e6c, org.springframework.boot.test.autoconfigure.properties.PropertyMappingContextCustomizer@0, org.springframework.boot.test.autoconfigure.web.servlet.WebDriverContextCustomizerFactory$Customizer@73d4cc9e], resourceBasePath = 'src/main/webapp', contextLoader = 'org.springframework.boot.test.context.SpringBootContextLoader', parent = [null]], attributes = map['org.springframework.test.context.web.ServletTestExecutionListener.activateListener' -> false]]].
22:53:41.050 [main] DEBUG org.springframework.test.context.support.TestPropertySourceUtils - Adding inlined properties to environment: {spring.jmx.enabled=false, org.springframework.boot.test.context.SpringBootTestContextBootstrapper=true}

  .   ____          _            __ _ _
 /\\ / ___'_ __ _ _(_)_ __  __ _ \ \ \ \
( ( )\___ | '_ | '_| | '_ \/ _` | \ \ \ \
 \\/  ___)| |_)| | | | | || (_| |  ) ) ) )
  '  |____| .__|_| |_|_| |_\__, | / / / /
 =========|_|==============|___/=/_/_/_/
 :: Spring Boot ::        (v2.1.0.RELEASE)

2018-11-25 22:53:41.362  INFO 11671 --- [           main] z.c.t.controller.EmployeeControllerTest  : Starting EmployeeControllerTest on Arcturus.local with PID 11671 (started by lwandile in /Users/lwandile/Projects/EmployeePortal/backend)
2018-11-25 22:53:41.366  INFO 11671 --- [           main] z.c.t.controller.EmployeeControllerTest  : No active profile set, falling back to default profiles: default
2018-11-25 22:53:42.355  INFO 11671 --- [           main] .s.d.r.c.RepositoryConfigurationDelegate : Bootstrapping Spring Data repositories in DEFAULT mode.
2018-11-25 22:53:42.432  INFO 11671 --- [           main] .s.d.r.c.RepositoryConfigurationDelegate : Finished Spring Data repository scanning in 68ms. Found 3 repository interfaces.
2018-11-25 22:53:42.896  INFO 11671 --- [           main] trationDelegate$BeanPostProcessorChecker : Bean 'org.springframework.transaction.annotation.ProxyTransactionManagementConfiguration' of type [org.springframework.transaction.annotation.ProxyTransactionManagementConfiguration$$EnhancerBySpringCGLIB$$52a64628] is not eligible for getting processed by all BeanPostProcessors (for example: not eligible for auto-proxying)
2018-11-25 22:53:43.417  INFO 11671 --- [           main] o.s.b.w.embedded.tomcat.TomcatWebServer  : Tomcat initialized with port(s): 8085 (http)
2018-11-25 22:53:43.451  INFO 11671 --- [           main] o.apache.catalina.core.StandardService   : Starting service [Tomcat]
2018-11-25 22:53:43.451  INFO 11671 --- [           main] org.apache.catalina.core.StandardEngine  : Starting Servlet Engine: Apache Tomcat/9.0.12
2018-11-25 22:53:43.462  INFO 11671 --- [           main] o.a.catalina.core.AprLifecycleListener   : The APR based Apache Tomcat Native library which allows optimal performance in production environments was not found on the java.library.path: [/Users/lwandile/Library/Java/Extensions:/Library/Java/Extensions:/Network/Library/Java/Extensions:/System/Library/Java/Extensions:/usr/lib/java:.]
2018-11-25 22:53:43.562  INFO 11671 --- [           main] o.a.c.c.C.[Tomcat].[localhost].[/]       : Initializing Spring embedded WebApplicationContext
2018-11-25 22:53:43.562  INFO 11671 --- [           main] o.s.web.context.ContextLoader            : Root WebApplicationContext: initialization completed in 1908 ms
2018-11-25 22:53:43.688  INFO 11671 --- [           main] o.s.b.w.servlet.FilterRegistrationBean   : Mapping filter: 'characterEncodingFilter' to: [/*]
2018-11-25 22:53:43.689  INFO 11671 --- [           main] o.s.b.w.servlet.FilterRegistrationBean   : Mapping filter: 'hiddenHttpMethodFilter' to: [/*]
2018-11-25 22:53:43.689  INFO 11671 --- [           main] o.s.b.w.servlet.FilterRegistrationBean   : Mapping filter: 'formContentFilter' to: [/*]
2018-11-25 22:53:43.690  INFO 11671 --- [           main] o.s.b.w.servlet.FilterRegistrationBean   : Mapping filter: 'requestContextFilter' to: [/*]
2018-11-25 22:53:43.691  INFO 11671 --- [           main] .s.DelegatingFilterProxyRegistrationBean : Mapping filter: 'springSecurityFilterChain' to: [/*]
2018-11-25 22:53:43.691  INFO 11671 --- [           main] o.s.b.w.servlet.ServletRegistrationBean  : Servlet dispatcherServlet mapped to [/]
2018-11-25 22:53:43.693  INFO 11671 --- [           main] o.s.b.w.servlet.ServletRegistrationBean  : Servlet webServlet mapped to [/h2-console/*]
2018-11-25 22:53:43.856  INFO 11671 --- [           main] com.zaxxer.hikari.HikariDataSource       : HikariPool-1 - Starting...
2018-11-25 22:53:44.016  INFO 11671 --- [           main] com.zaxxer.hikari.HikariDataSource       : HikariPool-1 - Start completed.
2018-11-25 22:53:44.093  INFO 11671 --- [           main] o.hibernate.jpa.internal.util.LogHelper  : HHH000204: Processing PersistenceUnitInfo [
	name: default
	...]
2018-11-25 22:53:44.170  INFO 11671 --- [           main] org.hibernate.Version                    : HHH000412: Hibernate Core {5.3.7.Final}
2018-11-25 22:53:44.172  INFO 11671 --- [           main] org.hibernate.cfg.Environment            : HHH000206: hibernate.properties not found
2018-11-25 22:53:44.320  INFO 11671 --- [           main] o.hibernate.annotations.common.Version   : HCANN000001: Hibernate Commons Annotations {5.0.4.Final}
2018-11-25 22:53:44.473  INFO 11671 --- [           main] org.hibernate.dialect.Dialect            : HHH000400: Using dialect: org.hibernate.dialect.H2Dialect
2018-11-25 22:53:45.247  INFO 11671 --- [           main] j.LocalContainerEntityManagerFactoryBean : Initialized JPA EntityManagerFactory for persistence unit 'default'
2018-11-25 22:53:46.152  INFO 11671 --- [           main] o.s.s.concurrent.ThreadPoolTaskExecutor  : Initializing ExecutorService 'applicationTaskExecutor'
2018-11-25 22:53:46.214  WARN 11671 --- [           main] aWebConfiguration$JpaWebMvcConfiguration : spring.jpa.open-in-view is enabled by default. Therefore, database queries may be performed during view rendering. Explicitly configure spring.jpa.open-in-view to disable this warning
2018-11-25 22:53:46.346  INFO 11671 --- [           main] o.s.b.a.w.s.WelcomePageHandlerMapping    : Adding welcome page: class path resource [public/index.html]
2018-11-25 22:53:46.577  INFO 11671 --- [           main] .s.s.UserDetailsServiceAutoConfiguration : 

Using generated security password: 4d6e41e5-c0f4-4ef0-93fd-5a4740a9d121

2018-11-25 22:53:46.759  INFO 11671 --- [           main] o.s.s.web.DefaultSecurityFilterChain     : Creating filter chain: any request, [org.springframework.security.web.context.request.async.WebAsyncManagerIntegrationFilter@79d14037, org.springframework.security.web.context.SecurityContextPersistenceFilter@6f4d2294, org.springframework.security.web.header.HeaderWriterFilter@c190cfc, org.springframework.security.web.csrf.CsrfFilter@1d9af731, org.springframework.security.web.authentication.logout.LogoutFilter@e994ca, org.springframework.security.web.authentication.UsernamePasswordAuthenticationFilter@1cdd31a4, org.springframework.security.web.authentication.ui.DefaultLoginPageGeneratingFilter@77204651, org.springframework.security.web.authentication.ui.DefaultLogoutPageGeneratingFilter@6c1e40d9, org.springframework.security.web.authentication.www.BasicAuthenticationFilter@2b8cf049, org.springframework.security.web.savedrequest.RequestCacheAwareFilter@2e0516a3, org.springframework.security.web.servletapi.SecurityContextHolderAwareRequestFilter@70439c3, org.springframework.security.web.authentication.AnonymousAuthenticationFilter@4b50c21, org.springframework.security.web.session.SessionManagementFilter@2fcc5f49, org.springframework.security.web.access.ExceptionTranslationFilter@1efcba00, org.springframework.security.web.access.intercept.FilterSecurityInterceptor@1115be8c]
2018-11-25 22:53:47.177  INFO 11671 --- [           main] o.s.b.w.embedded.tomcat.TomcatWebServer  : Tomcat started on port(s): 8085 (http) with context path ''
2018-11-25 22:53:47.181  INFO 11671 --- [           main] z.c.t.controller.EmployeeControllerTest  : Started EmployeeControllerTest in 6.128 seconds (JVM running for 6.834)
2018-11-25 22:53:48.044  INFO 11671 --- [nio-8085-exec-1] o.a.c.c.C.[Tomcat].[localhost].[/]       : Initializing Spring DispatcherServlet 'dispatcherServlet'
2018-11-25 22:53:48.044  INFO 11671 --- [nio-8085-exec-1] o.s.web.servlet.DispatcherServlet        : Initializing Servlet 'dispatcherServlet'
2018-11-25 22:53:48.072  INFO 11671 --- [nio-8085-exec-1] o.s.web.servlet.DispatcherServlet        : Completed initialization in 27 ms
]]></system-out>
  </testcase>
  <testcase name="whenEmployeeById_thenOK" classname="za.co.tangentsolutions.controller.EmployeeControllerTest" time="0">
    <skipped/>
  </testcase>
</testsuite>